d:\vs_projects\windowsproject1\x64\debug\vc143.pdb
d:\vs_projects\windowsproject1\x64\debug\vc143.idb
d:\vs_projects\windowsproject1\x64\debug\winservice.obj
d:\vs_projects\windowsproject1\x64\debug\windowsproject1.res
d:\vs_projects\windowsproject1\x64\debug\windowsproject1.vcxproj.assemblyreference.cache
d:\vs_projects\windowsproject1\x64\debug\.netframework,version=v4.7.2.assemblyattributes.obj
d:\vs_projects\windowsproject1\x64\debug\windowsproject1.obj
d:\vs_projects\windowsproject1\x64\debug\windowsproject1.ilk
d:\vs_projects\windowsproject1\x64\debug\drivefilter.pdb
d:\vs_projects\windowsproject1\x64\debug\gui.pdb
d:\vs_projects\windowsproject1\x64\debug\project2.pdb
d:\vs_projects\windowsproject1\x64\debug\usercomm.pdb
d:\vs_projects\windowsproject1\x64\debug\windowsproject1.pdb
d:\vs_projects\windowsproject1\x64\debug\winservice.pdb
d:\vs_projects\windowsproject1\x64\debug\winservice.tlog\cl.command.1.tlog
d:\vs_projects\windowsproject1\x64\debug\winservice.tlog\cl.items.tlog
d:\vs_projects\windowsproject1\x64\debug\winservice.tlog\cl.read.1.tlog
d:\vs_projects\windowsproject1\x64\debug\winservice.tlog\cl.write.1.tlog
d:\vs_projects\windowsproject1\x64\debug\winservice.tlog\link-cvtres.read.1.tlog
d:\vs_projects\windowsproject1\x64\debug\winservice.tlog\link-cvtres.write.1.tlog
d:\vs_projects\windowsproject1\x64\debug\winservice.tlog\link-rc.read.1.tlog
d:\vs_projects\windowsproject1\x64\debug\winservice.tlog\link-rc.write.1.tlog
d:\vs_projects\windowsproject1\x64\debug\winservice.tlog\link.13424-cvtres.read.1.tlog
d:\vs_projects\windowsproject1\x64\debug\winservice.tlog\link.13424-cvtres.write.1.tlog
d:\vs_projects\windowsproject1\x64\debug\winservice.tlog\link.13424-rc.read.1.tlog
d:\vs_projects\windowsproject1\x64\debug\winservice.tlog\link.13424-rc.write.1.tlog
d:\vs_projects\windowsproject1\x64\debug\winservice.tlog\link.13424.read.1.tlog
d:\vs_projects\windowsproject1\x64\debug\winservice.tlog\link.13424.read.2.tlog
d:\vs_projects\windowsproject1\x64\debug\winservice.tlog\link.13424.write.1.tlog
d:\vs_projects\windowsproject1\x64\debug\winservice.tlog\link.command.1.tlog
d:\vs_projects\windowsproject1\x64\debug\winservice.tlog\link.read.1.tlog
d:\vs_projects\windowsproject1\x64\debug\winservice.tlog\link.read.2.tlog
d:\vs_projects\windowsproject1\x64\debug\winservice.tlog\link.write.1.tlog
d:\vs_projects\windowsproject1\x64\debug\winservice.tlog\rc.command.1.tlog
d:\vs_projects\windowsproject1\x64\debug\winservice.tlog\rc.read.1.tlog
d:\vs_projects\windowsproject1\x64\debug\winservice.tlog\rc.write.1.tlog
